08-Feb-2023 00:13:54.062 INFO [main] org.apache.catalina.core.ApplicationContext.log ContextListener: contextInitialized()
08-Feb-2023 00:13:54.062 INFO [main] org.apache.catalina.core.ApplicationContext.log SessionListener: contextInitialized()
08-Feb-2023 00:13:54.062 INFO [main] org.apache.catalina.core.ApplicationContext.log ContextListener: attributeAdded('StockTicker', 'async.Stockticker@419a20a6')
08-Feb-2023 00:14:05.445 INFO [Catalina-utility-1] org.apache.catalina.core.ApplicationContext.log No Spring WebApplicationInitializer types detected on classpath
08-Feb-2023 00:14:05.481 INFO [Catalina-utility-1] org.apache.catalina.core.ApplicationContext.log Initializing Spring DispatcherServlet 'spring'
08-Feb-2023 00:14:16.497 INFO [Catalina-utility-1] org.apache.catalina.core.ApplicationContext.log Destroying Spring FrameworkServlet 'spring'
08-Feb-2023 00:14:17.745 INFO [Catalina-utility-1] org.apache.catalina.core.ApplicationContext.log No Spring WebApplicationInitializer types detected on classpath
08-Feb-2023 00:14:17.772 INFO [Catalina-utility-1] org.apache.catalina.core.ApplicationContext.log Initializing Spring DispatcherServlet 'spring'
08-Feb-2023 00:14:19.069 INFO [Catalina-utility-1] org.apache.catalina.core.ApplicationContext.log No Spring WebApplicationInitializer types detected on classpath
08-Feb-2023 00:14:19.094 INFO [Catalina-utility-1] org.apache.catalina.core.ApplicationContext.log Initializing Spring DispatcherServlet 'spring'
08-Feb-2023 00:14:29.976 INFO [Catalina-utility-1] org.apache.catalina.core.ApplicationContext.log Destroying Spring FrameworkServlet 'spring'
08-Feb-2023 00:14:29.995 INFO [Catalina-utility-1] org.apache.catalina.core.ApplicationContext.log Destroying Spring FrameworkServlet 'spring'
08-Feb-2023 00:14:31.196 INFO [Catalina-utility-1] org.apache.catalina.core.ApplicationContext.log No Spring WebApplicationInitializer types detected on classpath
08-Feb-2023 00:14:31.224 INFO [Catalina-utility-1] org.apache.catalina.core.ApplicationContext.log Initializing Spring DispatcherServlet 'spring'
08-Feb-2023 00:17:26.436 INFO [main] org.apache.catalina.core.ApplicationContext.log SessionListener: contextDestroyed()
08-Feb-2023 00:17:26.436 INFO [main] org.apache.catalina.core.ApplicationContext.log ContextListener: contextDestroyed()
08-Feb-2023 00:17:26.440 INFO [main] org.apache.catalina.core.ApplicationContext.log Destroying Spring FrameworkServlet 'spring'
08-Feb-2023 01:19:47.932 INFO [main] org.apache.catalina.core.ApplicationContext.log ContextListener: contextInitialized()
08-Feb-2023 01:19:47.932 INFO [main] org.apache.catalina.core.ApplicationContext.log SessionListener: contextInitialized()
08-Feb-2023 01:19:47.932 INFO [main] org.apache.catalina.core.ApplicationContext.log ContextListener: attributeAdded('StockTicker', 'async.Stockticker@3d8bbcdc')
08-Feb-2023 01:20:59.713 INFO [Catalina-utility-2] org.apache.catalina.core.ApplicationContext.log No Spring WebApplicationInitializer types detected on classpath
08-Feb-2023 01:34:53.158 INFO [Catalina-utility-2] org.apache.catalina.core.ApplicationContext.log No Spring WebApplicationInitializer types detected on classpath
08-Feb-2023 01:37:08.691 INFO [main] org.apache.catalina.core.ApplicationContext.log SessionListener: contextDestroyed()
08-Feb-2023 01:37:08.691 INFO [main] org.apache.catalina.core.ApplicationContext.log ContextListener: contextDestroyed()
08-Feb-2023 01:37:11.171 INFO [main] org.apache.catalina.core.ApplicationContext.log No Spring WebApplicationInitializer types detected on classpath
08-Feb-2023 01:37:11.298 INFO [main] org.apache.catalina.core.ApplicationContext.log ContextListener: contextInitialized()
08-Feb-2023 01:37:11.298 INFO [main] org.apache.catalina.core.ApplicationContext.log SessionListener: contextInitialized()
08-Feb-2023 01:37:11.299 INFO [main] org.apache.catalina.core.ApplicationContext.log ContextListener: attributeAdded('StockTicker', 'async.Stockticker@369958b0')
08-Feb-2023 01:38:13.140 INFO [Catalina-utility-1] org.apache.catalina.core.ApplicationContext.log No Spring WebApplicationInitializer types detected on classpath
08-Feb-2023 01:38:14.234 INFO [Catalina-utility-1] org.apache.catalina.core.ApplicationContext.log No Spring WebApplicationInitializer types detected on classpath
08-Feb-2023 01:39:19.224 INFO [main] org.apache.catalina.core.ApplicationContext.log SessionListener: contextDestroyed()
08-Feb-2023 01:39:19.224 INFO [main] org.apache.catalina.core.ApplicationContext.log ContextListener: contextDestroyed()
08-Feb-2023 01:42:19.021 INFO [main] org.apache.catalina.core.ApplicationContext.log No Spring WebApplicationInitializer types detected on classpath
08-Feb-2023 01:42:19.151 INFO [main] org.apache.catalina.core.ApplicationContext.log ContextListener: contextInitialized()
08-Feb-2023 01:42:19.151 INFO [main] org.apache.catalina.core.ApplicationContext.log SessionListener: contextInitialized()
08-Feb-2023 01:42:19.152 INFO [main] org.apache.catalina.core.ApplicationContext.log ContextListener: attributeAdded('StockTicker', 'async.Stockticker@648639f1')
08-Feb-2023 15:08:05.224 INFO [main] org.apache.catalina.core.ApplicationContext.log SessionListener: contextDestroyed()
08-Feb-2023 15:08:05.224 INFO [main] org.apache.catalina.core.ApplicationContext.log ContextListener: contextDestroyed()
